SF:/home/runner/work/ce204_hw4_irem_aydin/ce204_hw4_irem_aydin/ce204_hw4/src/main/java/ce204_hw4_app/App.java
DA:32,1
DA:37,1
DA:47,1
DA:52,1
DA:57,1
DA:42,1
DA:62,1
DA:70,1
DA:83,1
DA:94,1
DA:103,1
DA:112,1
DA:119,1
DA:126,1
DA:133,1
DA:27,1
DA:6,1
DA:1,1
end_of_record
SF:/home/runner/work/ce204_hw4_irem_aydin/ce204_hw4_irem_aydin/ce204_hw4/src/main/java/ce204_hw4_lib/rentCar/Car.java
DA:23,1
DA:27,1
DA:31,1
DA:35,1
DA:39,1
DA:48,1
DA:61,1
DA:68,1
DA:77,1
DA:86,1
DA:95,1
DA:104,1
DA:113,1
DA:122,1
DA:19,1
DA:9,1
DA:1,1
end_of_record
SF:/home/runner/work/ce204_hw4_irem_aydin/ce204_hw4_irem_aydin/ce204_hw4/src/main/java/ce204_hw4_lib/rentCar/CarFactory.java
DA:35,1
DA:16,1
DA:1,1
end_of_record
SF:/home/runner/work/ce204_hw4_irem_aydin/ce204_hw4_irem_aydin/ce204_hw4/src/main/java/ce204_hw4_lib/payment/CashPaymentStrategy.java
DA:23,1
DA:17,1
DA:6,1
DA:1,1
end_of_record
SF:/home/runner/work/ce204_hw4_irem_aydin/ce204_hw4_irem_aydin/ce204_hw4/src/main/java/ce204_hw4_lib/reservation/ConsoleOutput.java
DA:31,1
DA:37,1
DA:45,1
DA:25,1
DA:10,1
DA:1,1
end_of_record
SF:/home/runner/work/ce204_hw4_irem_aydin/ce204_hw4_irem_aydin/ce204_hw4/src/main/java/ce204_hw4_lib/reservation/ConsoleOutputCapturer.java
DA:28,1
DA:35,1
DA:42,1
DA:47,1
DA:58,1
DA:68,1
DA:20,1
DA:1,1
end_of_record
SF:/home/runner/work/ce204_hw4_irem_aydin/ce204_hw4_irem_aydin/ce204_hw4/src/main/java/ce204_hw4_lib/payment/CreditCardPaymentProcessor.java
DA:24,1
DA:31,1
DA:47,1
DA:20,1
DA:1,1
end_of_record
SF:/home/runner/work/ce204_hw4_irem_aydin/ce204_hw4_irem_aydin/ce204_hw4/src/main/java/ce204_hw4_lib/payment/CreditCardPaymentStrategy.java
DA:21,1
DA:25,1
DA:29,1
DA:39,1
DA:50,1
DA:16,1
DA:1,1
end_of_record
SF:/home/runner/work/ce204_hw4_irem_aydin/ce204_hw4_irem_aydin/ce204_hw4/src/main/java/ce204_hw4_lib/rentCar/EconomicCar.java
DA:27,1
DA:37,1
DA:17,1
DA:1,1
end_of_record
SF:/home/runner/work/ce204_hw4_irem_aydin/ce204_hw4_irem_aydin/ce204_hw4/src/main/java/ce204_hw4_lib/rentCar/LuxuryCar.java
DA:30,1
DA:40,1
DA:20,1
DA:1,1
end_of_record
SF:/home/runner/work/ce204_hw4_irem_aydin/ce204_hw4_irem_aydin/ce204_hw4/src/main/java/ce204_hw4_app/Main.java
DA:43,1
DA:48,1
DA:55,1
DA:38,1
DA:1,1
end_of_record
SF:/home/runner/work/ce204_hw4_irem_aydin/ce204_hw4_irem_aydin/ce204_hw4/src/main/java/ce204_hw4_app/Menus/MainMenu.java
DA:36,1
DA:48,1
DA:29,1
DA:11,1
DA:1,1
end_of_record
SF:/home/runner/work/ce204_hw4_irem_aydin/ce204_hw4_irem_aydin/ce204_hw4/src/main/java/ce204_hw4_app/Menus/Menu.java
DA:41,1
DA:45,1
DA:52,1
DA:65,1
DA:33,1
DA:1,1
end_of_record
SF:/home/runner/work/ce204_hw4_irem_aydin/ce204_hw4_irem_aydin/ce204_hw4/src/main/java/ce204_hw4_lib/reservation/Observer.java
DA:23,1
DA:1,1
end_of_record
SF:/home/runner/work/ce204_hw4_irem_aydin/ce204_hw4_irem_aydin/ce204_hw4/src/main/java/ce204_hw4_lib/payment/PaymentProcessor.java
DA:27,1
DA:16,1
DA:1,1
end_of_record
SF:/home/runner/work/ce204_hw4_irem_aydin/ce204_hw4_irem_aydin/ce204_hw4/src/main/java/ce204_hw4_lib/payment/PaymentStrategy.java
DA:30,1
DA:18,1
DA:1,1
end_of_record
SF:/home/runner/work/ce204_hw4_irem_aydin/ce204_hw4_irem_aydin/ce204_hw4/src/main/java/ce204_hw4_lib/payment/PayPalPaymentProcessor.java
DA:31,1
DA:17,1
DA:1,1
end_of_record
SF:/home/runner/work/ce204_hw4_irem_aydin/ce204_hw4_irem_aydin/ce204_hw4/src/main/java/ce204_hw4_lib/payment/PayPalPaymentStrategy.java
DA:24,1
DA:34,1
DA:49,1
DA:20,1
DA:1,1
end_of_record
SF:/home/runner/work/ce204_hw4_irem_aydin/ce204_hw4_irem_aydin/ce204_hw4/src/main/java/ce204_hw4_lib/payment/Reservation.java
DA:25,1
DA:33,1
DA:45,1
DA:21,1
DA:1,1
end_of_record
SF:/home/runner/work/ce204_hw4_irem_aydin/ce204_hw4_irem_aydin/ce204_hw4/src/main/java/ce204_hw4_lib/reservation/ReservationManager.java
DA:30,1
DA:36,1
DA:41,1
DA:50,1
DA:54,1
DA:59,1
DA:63,1
DA:73,1
DA:24,1
DA:1,1
end_of_record
SF:/home/runner/work/ce204_hw4_irem_aydin/ce204_hw4_irem_aydin/ce204_hw4/src/main/java/ce204_hw4_lib/rentCar/SportsCar.java
DA:28,1
DA:38,1
DA:18,1
DA:1,1
end_of_record
SF:/home/runner/work/ce204_hw4_irem_aydin/ce204_hw4_irem_aydin/ce204_hw4/src/main/java/ce204_hw4_lib/reservation/Subject.java
DA:22,1
DA:28,1
DA:34,1
DA:1,1
end_of_record
SF:/home/runner/work/ce204_hw4_irem_aydin/ce204_hw4_irem_aydin/ce204_hw4/src/main/java/ce204_hw4_lib/rentCar/SUVCar.java
DA:31,1
DA:41,1
DA:22,1
DA:1,1
end_of_record
SF:/home/runner/work/ce204_hw4_irem_aydin/ce204_hw4_irem_aydin/ce204_hw4/src/main/java/ce204_hw4_lib/reservation/User.java
DA:24,1
DA:31,1
DA:43,1
DA:20,1
DA:1,1
end_of_record
SF:/home/runner/work/ce204_hw4_irem_aydin/ce204_hw4_irem_aydin/ce204_hw4/src/main/java/ce204_hw4_app/Menus/UserMenu.java
DA:48,1
DA:61,1
DA:103,1
DA:115,1
DA:39,1
DA:1,1
end_of_record
SF:/home/runner/work/ce204_hw4_irem_aydin/ce204_hw4_irem_aydin/ce204_hw4/src/main/java/ce204_hw4_lib/rentCar/Vendor.java
DA:29,1
DA:33,1
DA:37,1
DA:41,1
DA:45,1
DA:58,1
DA:72,1
DA:83,1
DA:94,1
DA:109,1
DA:134,1
DA:145,1
DA:156,1
DA:169,1
DA:25,1
DA:1,1
end_of_record
SF:/home/runner/work/ce204_hw4_irem_aydin/ce204_hw4_irem_aydin/ce204_hw4/src/main/java/ce204_hw4_app/Menus/VendorMenu.java
DA:30,1
DA:34,1
DA:41,1
DA:56,1
DA:100,1
DA:142,1
DA:26,1
DA:1,1
end_of_record
